
=================================
seed = 1255432124
count = 234923

%f sequence (unscaled):
0.873764     
0.256793     
0.951178     
0.784522     
0.204896     
0.807927     
0.229969     
0.126556     
0.386702     
0.172815     
0.646922     
0.054386     
0.813413     
0.384325     
0.988073     
0.400863     
0.676638     
0.837743     
0.268471     
0.095883     
0.773209     
0.320913     
0.387351     
0.762890     
0.760807     
0.705725     
0.981618     
0.422561     
0.387642     
0.060059     
0.827535     
0.870018     
0.526110     
0.342220     
0.608500     
0.909215     
0.608201     
0.390913     
0.869689     
0.806367     
0.385436     
0.052533     
0.367879     
0.044526     
0.089631     
0.387703     
0.373961     
0.241177     
0.949696     
0.521253     
0.571023     
0.977957     
0.791809     
0.060464     
0.311057     
0.167983     
0.925819     
0.576963     
0.486839     
0.842252     
0.539948     
0.003705     
0.810322     
0.582897     
0.192947     
0.340794     
0.363100     
0.795769     
0.987581     
0.389590     
0.227548     
0.689337     
0.698050     
0.469471     
0.234791     
0.912187     
0.759427     
0.651140     
0.373195     
0.463589     
0.988152     
0.582710     
0.153673     
0.777982     
0.258623     
0.297855     
0.202271     
0.225320     
0.694714     
0.888736     
0.892577     
0.865894     
0.818257     
0.209926     
0.451674     
0.255072     
0.856710     
0.626630     
0.844305     
0.136026     
0.676953     
0.802838     
0.742189     
0.398627     
0.297662     
0.239103     
0.029560     
0.055119     
0.574003     
0.762393     
0.803419     
0.405658     
0.039266     
0.431846     
0.722816     
0.058024     
0.360165     
0.520172     
0.999047     
0.071788     
0.523146     
0.555220     
0.250085     
0.514501     
0.215198     
0.746462     
0.003675     
0.854088     
0.989127     
0.218916     
0.421038     
0.412323     
0.581091     
0.329308     
0.702176     
0.982725     
0.081243     
0.310776     
0.350805     
0.275606     
0.771924     
0.052446     
0.125702     
0.067643     
0.477259     
0.932778     
0.233734     
0.988515     
0.608136     
0.351595     
0.230763     
0.393639     
0.510102     
0.495969     
0.504623     
0.733102     
0.070065     
0.073123     
0.455046     
0.560096     
0.209198     
0.480741     
0.109495     
0.508060     
0.652637     
0.733648     
0.793675     
0.758536     
0.530258     
0.163887     
0.337242     
0.814936     
0.049777     
0.220506     
0.167883     
0.885450     
0.059851     
0.885742     
0.054369     
0.870308     
0.648488     
0.789628     
0.917179     
0.688065     
0.095417     
0.972123     
0.058030     
0.136664     
0.545114     
0.241411     
0.818327     
0.747387     
0.957209     
0.542630     
0.840520     
0.846784     
0.832294     
0.346611     
0.904680     
0.138398     
0.340245     
0.035784     
0.266558     
0.432540     
0.930910     
0.730332     
0.600840     
0.522486     
0.373299     
0.192277     
0.806566     
0.986234     
0.868237     
0.568687     
0.822814     
0.829906     
0.439611     
0.188045     
0.702556     
0.357048     
0.264412     
0.980883     
0.646470     
0.146697     
0.228359     
0.911885     
0.656171     
0.980802     
0.987663     
0.597649     
0.222420     
0.717930     
0.148542     
0.791700     
0.627084     
0.778567     
0.613019     
0.082711     
0.446949     
0.412929     
0.503471     
0.029910     
0.291376     
0.256478     
0.084433     
0.434974     
0.994823     
0.149576     
0.122507     
0.586436     
0.206900     
0.553299     
0.589662     
0.025175     
0.993204     
0.811837     
0.415792     
0.089968     
0.243153     
0.620744     
0.046964     
0.844325     
0.515574     
0.794914     
0.706822     
0.853061     
0.020911     
0.676623     
0.085242     
0.601902     
0.616525     
0.011432     
0.249843     
0.601565     
0.499750     
0.006873     
0.357585     
0.527327     
0.296765     
0.276412     
0.277022     
0.255096     
0.441313     
0.343625     
0.155336     
0.936769     
0.399783     
0.661379     
0.005242     
0.549347     
0.323999     
0.665110     
0.704060     
0.842695     
0.616386     
0.930368     
0.632916     
0.908097     
0.644180     
0.288440     
0.704159     
0.904764     
0.961557     
0.070638     
0.790215     
0.486540     
0.827394     
0.972477     
0.357896     
0.829540     
0.033276     
0.204367     
0.662250     
0.365617     
0.451866     
0.014413     
0.801895     
0.972514     
0.849730     
0.083731     
0.043850     
0.824654     
0.721976     
0.979941     
0.093427     
0.343428     
0.690756     
0.699835     
0.735624     
0.846079     
0.385389     
0.036523     
0.478465     
0.775416     
0.585066     
0.194044     
0.076803     
0.042871     
0.425478     
0.802189     
0.823840     
0.104252     
0.232974     
0.987010     
0.388426     
0.490068     
0.363508     
0.965107     
0.111179     
0.608999     
0.073801     
0.919115     
0.332843     
0.674964     
0.592709     
0.082270     
0.072748     
0.711705     
0.829494     
0.038382     
0.891888     
0.740682     
0.706856     
0.578078     
0.748079     
0.798686     
0.724046     
0.919369     
0.999162     
0.398661     
0.381394     
0.919852     
0.183640     
0.843490     
0.405583     
0.530702     
0.212961     
0.679482     
0.560140     
0.089671     
0.112797     
0.448666     
0.735257     
0.860179     
0.687148     
0.319779     
0.397964     
0.127723     
0.774299     
0.135860     
0.946551     
0.977334     
0.330462     
0.759368     
0.748483     
0.049441     
0.186025     
0.212268     
0.111664     
0.710225     
0.252570     
0.648160     
0.820588     
0.571903     
0.475823     
0.619402     
0.420072     
0.487788     
0.028576     
0.035836     
0.778836     
0.518172     
0.146263     
0.935536     
0.443265     
0.688126     
0.087950     
0.171758     
0.067275     
0.635989     
0.517912     
0.344382     
0.802968     
0.520066     
0.730318     
0.569240     
0.996823     
0.338095     
0.317809     
0.422052     
0.929064     
0.531975     
0.525207     
0.483116     
0.080486     
0.510062     
0.099338     
0.997876     
0.935077     
0.813586     
0.454807     
0.717892     
0.897665     
0.110983     
0.145448     
0.480878     
0.476541     
0.833560     
0.620050     
0.923919     
0.998839     
0.654364     
0.573651     
0.729116     
0.399692     
0.310570     
0.669125     
0.402941     
0.743048     
0.982279     
0.903684     
0.544874     
0.549244     
0.242659     
0.553983     
0.413222     
0.294268     
0.976921     
0.652112     
0.966381     
0.653385     
0.390690     
0.960207     
0.833171     
0.065744     
0.840408     
0.100725     
0.685685     
0.401317     
0.866883     
0.000713     
0.222561     
0.155854     
0.153945     
0.156965     
0.752304     
0.813466     
0.931332     
0.037392     
0.008332     
0.296335     
0.558372     
0.351925     
0.834226     
0.201719     
0.341144     
0.699865     
0.264559     
0.630930     
0.441136     
0.693746     
0.437926     
0.649102     
0.155944     
0.645797     
0.030978     
0.340983     
0.616534     
0.957276     
0.486656     
0.807261     
0.531054     
0.535253     
0.549635     
0.139446     
0.438259     
0.860385     
0.226296     
0.012323     
0.211032     
0.194708     
0.459396     
0.032782     
0.482594     
0.815079     
0.744471     
0.854630     
0.496860     
0.171340     
0.615441     
0.910495     
0.129835     
0.365832     
0.494711     
0.674550     
0.201557     
0.306861     
0.247330     
0.122851     
0.052011     
0.147757     
0.063698     
0.878179     
0.775395     
0.092792     
0.753389     
0.269962     
0.951841     
0.559114     
0.639153     
0.370752     
0.212319     
0.964560     
0.397460     
0.957887     
0.050138     
0.752203     
0.446152     
0.976738     
0.793177     
0.264512     
0.891422     
0.579556     
0.201872     
0.760986     
0.012907     
0.698093     
0.792142     
0.473269     
0.368536     
0.257360     
0.533727     
0.633285     
0.439065     
0.320413     
0.209758     
0.545168     
0.705620     
0.38756